-- The C compiler identification is GNU 7.5.0
-- The CXX compiler identification is GNU 7.5.0
-- Detecting C compiler ABI info
-- Detecting C compiler ABI info - done
-- Check for working C compiler: /usr/bin/cc - skipped
-- Detecting C compile features
-- Detecting C compile features - done
-- Detecting CXX compiler ABI info
-- Detecting CXX compiler ABI info - done
-- Check for working CXX compiler: /usr/bin/c++ - skipped
-- Detecting CXX compile features
-- Detecting CXX compile features - done
[31mCMake Error at CMakeLists.txt:27 (find_package):
  Could not find a package configuration file provided by "pybind11" with any
  of the following names:

    pybind11Config.cmake
    pybind11-config.cmake

  Add the installation prefix of "pybind11" to CMAKE_PREFIX_PATH or set
  "pybind11_DIR" to a directory containing one of the above files.  If
  "pybind11" provides a separate development package or SDK, be sure it has
  been installed.

[0m
-- Configuring incomplete, errors occurred!
See also "/home/jhk/kino_dynamic_opt/build/solver/CMakeFiles/CMakeOutput.log".
