Performing C SOURCE FILE Test CMAKE_HAVE_LIBC_PTHREAD failed with the following output:
Change Dir: /home/jhk/kino_dynamic_opt/solver/build/CMakeFiles/CMakeScratch/TryCompile-remLpd

Run Build Command(s):/usr/bin/make -f Makefile cmTC_06b34/fast && /usr/bin/make  -f CMakeFiles/cmTC_06b34.dir/build.make CMakeFiles/cmTC_06b34.dir/build
make[1]: Entering directory '/home/jhk/kino_dynamic_opt/solver/build/CMakeFiles/CMakeScratch/TryCompile-remLpd'
Building C object CMakeFiles/cmTC_06b34.dir/src.c.o
/usr/bin/cc -DCMAKE_HAVE_LIBC_PTHREAD   -o CMakeFiles/cmTC_06b34.dir/src.c.o -c /home/jhk/kino_dynamic_opt/solver/build/CMakeFiles/CMakeScratch/TryCompile-remLpd/src.c
Linking C executable cmTC_06b34
/home/jhk/.local/lib/python2.7/site-packages/cmake/data/bin/cmake -E cmake_link_script CMakeFiles/cmTC_06b34.dir/link.txt --verbose=1
/usr/bin/cc CMakeFiles/cmTC_06b34.dir/src.c.o -o cmTC_06b34 
CMakeFiles/cmTC_06b34.dir/src.c.o: In function `main':
src.c:(.text+0x3e): undefined reference to `pthread_create'
src.c:(.text+0x4a): undefined reference to `pthread_detach'
src.c:(.text+0x56): undefined reference to `pthread_cancel'
src.c:(.text+0x67): undefined reference to `pthread_join'
src.c:(.text+0x7b): undefined reference to `pthread_atfork'
collect2: error: ld returned 1 exit status
CMakeFiles/cmTC_06b34.dir/build.make:98: recipe for target 'cmTC_06b34' failed
make[1]: *** [cmTC_06b34] Error 1
make[1]: Leaving directory '/home/jhk/kino_dynamic_opt/solver/build/CMakeFiles/CMakeScratch/TryCompile-remLpd'
Makefile:127: recipe for target 'cmTC_06b34/fast' failed
make: *** [cmTC_06b34/fast] Error 2


Source file was:
#include <pthread.h>

static void* test_func(void* data)
{
  return data;
}

int main(void)
{
  pthread_t thread;
  pthread_create(&thread, NULL, test_func, NULL);
  pthread_detach(thread);
  pthread_cancel(thread);
  pthread_join(thread, NULL);
  pthread_atfork(NULL, NULL, NULL);
  pthread_exit(NULL);

  return 0;
}


Determining if the function pthread_create exists in the pthreads failed with the following output:
Change Dir: /home/jhk/kino_dynamic_opt/solver/build/CMakeFiles/CMakeScratch/TryCompile-QWYNxp

Run Build Command(s):/usr/bin/make -f Makefile cmTC_1efa4/fast && /usr/bin/make  -f CMakeFiles/cmTC_1efa4.dir/build.make CMakeFiles/cmTC_1efa4.dir/build
make[1]: Entering directory '/home/jhk/kino_dynamic_opt/solver/build/CMakeFiles/CMakeScratch/TryCompile-QWYNxp'
Building C object CMakeFiles/cmTC_1efa4.dir/CheckFunctionExists.c.o
/usr/bin/cc   -DCHECK_FUNCTION_EXISTS=pthread_create -o CMakeFiles/cmTC_1efa4.dir/CheckFunctionExists.c.o -c /home/jhk/kino_dynamic_opt/solver/build/CMakeFiles/CMakeScratch/TryCompile-QWYNxp/CheckFunctionExists.c
Linking C executable cmTC_1efa4
/home/jhk/.local/lib/python2.7/site-packages/cmake/data/bin/cmake -E cmake_link_script CMakeFiles/cmTC_1efa4.dir/link.txt --verbose=1
/usr/bin/cc  -DCHECK_FUNCTION_EXISTS=pthread_create CMakeFiles/cmTC_1efa4.dir/CheckFunctionExists.c.o -o cmTC_1efa4  -lpthreads 
/usr/bin/ld: cannot find -lpthreads
collect2: error: ld returned 1 exit status
CMakeFiles/cmTC_1efa4.dir/build.make:98: recipe for target 'cmTC_1efa4' failed
make[1]: *** [cmTC_1efa4] Error 1
make[1]: Leaving directory '/home/jhk/kino_dynamic_opt/solver/build/CMakeFiles/CMakeScratch/TryCompile-QWYNxp'
Makefile:127: recipe for target 'cmTC_1efa4/fast' failed
make: *** [cmTC_1efa4/fast] Error 2



